C51 COMPILER V9.60.7.0   KEY                                                               02/28/2023 02:29:55 PAGE 1   


C51 COMPILER V9.60.7.0, COMPILATION OF MODULE KEY
OBJECT MODULE PLACED IN .\Objects\key.obj
COMPILER INVOKED BY: E:\software\keil5_v5\C51\BIN\C51.EXE key.c LARGE OPTIMIZE(8,SPEED) BROWSE DEBUG OBJECTEXTEND PRINT(
                    -.\Listings\key.lst) TABS(2) OBJECT(.\Objects\key.obj)

line level    source

   1          #include "key.h"
   2          #include "OLED.h"
   3          
   4          void keyInit(void)
   5          {
   6   1        IT0 = 1;                                    //使能INT0下降沿中断
   7   1        EX0 = 1;                                    //使能INT0中断
   8   1        
   9   1        IT1 = 1;                                    //使能INT1下降沿中断
  10   1        EX1 = 1;                                    //使能INT1中断
  11   1        
  12   1        INT_CLKO |= 0x30;
  13   1        
  14   1      }
  15          
  16          //-----------------------------------------
  17          //中断服务程序
  18          //SUB
  19          void exint0() interrupt 0       //INT0中断入口
  20          {
  21   1        T2=0;
  22   1        while(INT0==0);
  23   1      }
  24          
  25          //-----------------------------------------
  26          //中断服务程序
  27          //ADD
  28          void exint1() interrupt 2       //INT1中断入口
  29          {
  30   1        T3=0;
  31   1        while(INT1==0);
  32   1      }
  33          
  34          //-----------------------------------------------
  35          //中断服务程序
  36          //FUN2
  37          void exint2() interrupt 10          //INT2中断入口
  38          {
  39   1        T1=0;
  40   1        while(INT2==0);
  41   1      }
  42          
  43          //-----------------------------------------------
  44          //中断服务程序
  45          //FUN1
  46          //void exint3() interrupt 11          //INT3中断入口
  47          //{
  48          //  mode_key = 4;
  49          //  while(INT3==0);
  50          //}


MODULE INFORMATION:   STATIC OVERLAYABLE
   CODE SIZE        =     75    ----
C51 COMPILER V9.60.7.0   KEY                                                               02/28/2023 02:29:55 PAGE 2   

   CONSTANT SIZE    =   ----    ----
   XDATA SIZE       =   ----    ----
   PDATA SIZE       =   ----    ----
   DATA SIZE        =   ----    ----
   IDATA SIZE       =   ----    ----
   BIT SIZE         =   ----    ----
END OF MODULE INFORMATION.


C51 COMPILATION COMPLETE.  0 WARNING(S),  0 ERROR(S)
