C51 COMPILER V9.60.7.0   LCD                                                               02/27/2023 16:38:07 PAGE 1   


C51 COMPILER V9.60.7.0, COMPILATION OF MODULE LCD
OBJECT MODULE PLACED IN .\Objects\lcd.obj
COMPILER INVOKED BY: E:\software\keil5_v5\C51\BIN\C51.EXE lcd.c OPTIMIZE(8,SPEED) BROWSE DEBUG OBJECTEXTEND PRINT(.\List
                    -ings\lcd.lst) TABS(2) OBJECT(.\Objects\lcd.obj)

line level    source

   1          #include "codetab.h"
   2          #include "LQ12864.h"
   3          #include "string.h"
   4          #include "stdio.h"
   5          
   6          extern float VOUT1=0;
   7          extern float VOUT2=0;
   8          extern float VOUT3=0;
   9          extern float IOUT1=0;
  10          extern float IOUT2=0;
  11          extern float IOUT3=0;
  12          
  13          void lcd_init(void)
  14          {
  15   1        OLED_Init(); //OLED初始化
  16   1      }
  17          
  18          void updata_LCD(void)
  19          {
  20   1        char buf[21];
  21   1        
  22   1      //  IOUT1 = IOUT1*1000;
  23   1        memset(buf,0,21);
  24   1        sprintf(buf,"VO1:%5.2fV IO1:%5.2fA",VOUT1,IOUT1);
  25   1        OLED_P6x8Str(1,0,buf);//第一行 -- 8x16的显示单元显示ASCII码
  26   1        
  27   1      //  IOUT2 = IOUT2*1000;
  28   1        memset(buf,0,21);
  29   1        sprintf(buf,"VO2:%5.2fV IO2:%5.2fA",VOUT2,IOUT2);
  30   1        OLED_P6x8Str(1,1,buf);//第一行 -- 8x16的显示单元显示ASCII码
  31   1        
  32   1      //  IOUT3 = IOUT3*1000;
  33   1        memset(buf,0,21);
  34   1        sprintf(buf,"VO3:%5.2fV IO3:%5.2fA",VOUT3,IOUT3);
  35   1        OLED_P6x8Str(1,2,buf);//第一行 -- 8x16的显示单元显示ASCII码
  36   1        
  37   1        
  38   1      }


MODULE INFORMATION:   STATIC OVERLAYABLE
   CODE SIZE        =    674    ----
   CONSTANT SIZE    =   2138    ----
   XDATA SIZE       =   ----    ----
   PDATA SIZE       =   ----    ----
   DATA SIZE        =     24      29
   IDATA SIZE       =   ----    ----
   BIT SIZE         =   ----    ----
END OF MODULE INFORMATION.


C51 COMPILATION COMPLETE.  0 WARNING(S),  0 ERROR(S)
