C51 COMPILER V9.60.7.0   MAIN                                                              02/28/2023 03:21:41 PAGE 1   


C51 COMPILER V9.60.7.0, COMPILATION OF MODULE MAIN
OBJECT MODULE PLACED IN .\Objects\main.obj
COMPILER INVOKED BY: E:\software\keil5_v5\C51\BIN\C51.EXE main.c LARGE OPTIMIZE(8,SPEED) BROWSE DEBUG OBJECTEXTEND PRINT
                    -(.\Listings\main.lst) TABS(2) OBJECT(.\Objects\main.obj)

line level    source

   1          #include "oled.h"
   2          #include "adc.h"
   3          #include "delay.h"
   4          #include "key.h"
   5          #include "time.h"
   6          
   7          void main()
   8          {
   9   1        P0M0 = 0;
  10   1        P0M1 = 0;
  11   1        P1M0 = 0;
  12   1        P1M1 = 0;
  13   1        P2M0 = 0;
  14   1        P2M1 = 0;
  15   1        P3M0 = 0;
  16   1        P3M1 = 0;
  17   1        P4M0 = 0;
  18   1        P4M1 = 0;
  19   1        P5M0 = 0;
  20   1        P5M1 = 0;
  21   1        
  22   1      //  keyInit();
  23   1        oled_init();
  24   1        adcInit();
  25   1      //  timeInit();
  26   1        
  27   1        EA = 1;
  28   1        
  29   1        while(1)
  30   1        {
  31   2          
  32   2          updata_OLED();
  33   2          
  34   2          Delay10ms();
  35   2          
  36   2        }
  37   1        
  38   1      }


MODULE INFORMATION:   STATIC OVERLAYABLE
   CODE SIZE        =     41    ----
   CONSTANT SIZE    =   ----    ----
   XDATA SIZE       =   ----    ----
   PDATA SIZE       =   ----    ----
   DATA SIZE        =   ----    ----
   IDATA SIZE       =   ----    ----
   BIT SIZE         =   ----    ----
END OF MODULE INFORMATION.


C51 COMPILATION COMPLETE.  0 WARNING(S),  0 ERROR(S)
