C51 COMPILER V9.60.7.0   ADC                                                               04/26/2023 01:55:45 PAGE 1   


C51 COMPILER V9.60.7.0, COMPILATION OF MODULE ADC
OBJECT MODULE PLACED IN .\Objects\adc.obj
COMPILER INVOKED BY: E:\software\keil5_v5\C51\BIN\C51.EXE ADC\adc.c LARGE OPTIMIZE(8,SPEED) BROWSE INCDIR(.\functionSwit
                    -ching;.\function1;.\LCD;.\Delay;.\ADC;.\function2;.\function3) DEBUG OBJECTEXTEND PRINT(.\Listings\adc.lst) TABS(2) OBJE
                    -CT(.\Objects\adc.obj)

line level    source

   1          #include "adc.h"
   2          
   3          typedef unsigned char   uint8_t;
   4          typedef unsigned int    uint16_t;
   5          typedef unsigned long   uint32_t;
   6          
   7          unsigned char ch = 0;
   8          
   9          unsigned int AD_Value = 0;
  10          
  11          unsigned int SW_Freq = 0;
  12          unsigned int lastSW_Freq = 0;
  13          unsigned char falg1 = 0;
  14          
  15          unsigned int M_Freq = 0;
  16          unsigned int lastM_Freq = 0;
  17          unsigned char falg2 = 0;
  18          
  19          WsColor RGB1={0,0,0};
  20          WsColor lastRGB1={0,0,0};
  21          unsigned char falg3 = 0;
  22          unsigned char falg4 = 0;
  23          unsigned char falg5 = 0;
  24          
  25          /*----------------------------
  26          初始化ADC
  27          ----------------------------*/
  28          void adcInit()
  29          {
  30   1        P1M0 = 0x00;                                //设置P1.0为ADC口
  31   1        P1M1 = 0x1f;
  32   1        
  33   1        P_SW2 |= 0x80;
  34   1        ADCTIM = 0x3f;
  35   1        ADCEXCFG = 0x06;
  36   1        P_SW2 &= 0x7f;
  37   1        EADC = 1;                                   //使能ADC中断
  38   1        EA = 1;
  39   1        ADCCFG = 0x0f;                              //设置ADC时钟为系统时钟/2/16/16
  40   1        ADC_CONTR = 0x80;                           //使能ADC模块
  41   1        ADC_CONTR |= 0x40;                          //启动AD转换
  42   1        
  43   1      }
  44          
  45          /*----------------------------
  46          ADC中断服务程序
  47          ----------------------------*/
  48          void adc_isr() interrupt 5
  49          {
  50   1        
  51   1        ADC_CONTR &= ~0x20;     //清除ADC结束标志
  52   1          
  53   1        AD_Value = ADC_RES<<8;
C51 COMPILER V9.60.7.0   ADC                                                               04/26/2023 01:55:45 PAGE 2   

  54   1        AD_Value = AD_Value|ADC_RESL;
  55   1        AD_Value = AD_Value>>4;
  56   1        
  57   1        if(ch==0)
  58   1        {
  59   2          lastSW_Freq = SW_Freq;
  60   2          SW_Freq = ((AD_Value+1)/8)*50+50;
  61   2          if(SW_Freq!=lastSW_Freq)
  62   2            falg1 = 1;
  63   2        }
  64   1        else if(ch==1)
  65   1        {
  66   2          lastM_Freq = M_Freq;
  67   2          M_Freq = (int)((AD_Value+1)/40.5545);
  68   2          if(M_Freq!=lastM_Freq)
  69   2            falg2 = 1;
  70   2        }
  71   1        else if(ch==2)
  72   1        {
  73   2          lastRGB1.R = RGB1.R;
  74   2          RGB1.R = (AD_Value+1)/16;
  75   2          if(lastRGB1.R != RGB1.R)
  76   2            falg3 = 1;
  77   2        }
  78   1        else if(ch==3)
  79   1        {
  80   2          lastRGB1.G = RGB1.G;
  81   2          RGB1.G = (AD_Value+1)/16;
  82   2          if(lastRGB1.G != RGB1.G)
  83   2            falg4 = 1;
  84   2        }
  85   1        else
  86   1        {
  87   2          lastRGB1.B = RGB1.B;
  88   2          RGB1.B = (AD_Value+1)/16;
  89   2          if(lastRGB1.B != RGB1.B)
  90   2            falg5 = 1;
  91   2        }
  92   1      
  93   1        if(++ch>4)
  94   1          ch = 0;
  95   1        
  96   1        ADC_CONTR = (ADC_CONTR & 0xF0) | 0x40 | ch;    //启动 AD 转换
  97   1      
  98   1          
  99   1      }


MODULE INFORMATION:   STATIC OVERLAYABLE
   CODE SIZE        =    482    ----
   CONSTANT SIZE    =   ----    ----
   XDATA SIZE       =     22    ----
   PDATA SIZE       =   ----    ----
   DATA SIZE        =   ----    ----
   IDATA SIZE       =   ----    ----
   BIT SIZE         =   ----    ----
END OF MODULE INFORMATION.


C51 COMPILATION COMPLETE.  0 WARNING(S),  0 ERROR(S)
