C51 COMPILER V9.60.7.0   FUNCTION1                                                         04/26/2023 01:52:59 PAGE 1   


C51 COMPILER V9.60.7.0, COMPILATION OF MODULE FUNCTION1
OBJECT MODULE PLACED IN .\Objects\function1.obj
COMPILER INVOKED BY: E:\software\keil5_v5\C51\BIN\C51.EXE function1\function1.c LARGE OPTIMIZE(8,SPEED) BROWSE INCDIR(.\
                    -functionSwitching;.\function1;.\LCD;.\Delay;.\ADC;.\function2;.\function3) DEBUG OBJECTEXTEND PRINT(.\Listings\function1
                    -.lst) TABS(2) OBJECT(.\Objects\function1.obj)

line level    source

   1          #include "function1.h"
   2          
   3          void updata_LCD1(void);
   4          
   5          void function1()
   6          {
   7   1        LCD_Fill(0,0,LCD_W,LCD_H,BLACK);
   8   1        
   9   1        while(1)
  10   1        {
  11   2          
  12   2          updata_LCD1();
  13   2          
  14   2          if(falg3||falg4||falg5)
  15   2          {
  16   3            falg1 = 0;
  17   3            falg2 = 0;
  18   3            falg3 = 0;
  19   3            ws2812bWriteAColor(RGB1);
  20   3            LightCube_Reset();
  21   3          }
  22   2          
  23   2          if(MODE!=0)
  24   2            break;
  25   2        }
  26   1      }
  27          
  28          void updata_LCD1(void)
  29          {
  30   1        char buf[20];
  31   1        
  32   1        memset(buf,0,20);
  33   1        sprintf(buf,"RGB_R: %-3d",(int)RGB1.R);
  34   1        LCD_ShowString(0,0,buf,BLUE,BLACK,16,0);//第一行 -- 8x16的显示单元显示ASCII码
  35   1        
  36   1        memset(buf,0,20);
  37   1        sprintf(buf,"RGB_G: %-3d",(int)RGB1.G);
  38   1        LCD_ShowString(0,20,buf,BLUE,BLACK,16,0);//第二行 -- 8x16的显示单元显示ASCII码
  39   1        
  40   1        memset(buf,0,20);
  41   1        sprintf(buf,"RGB_B: %-3d",(int)RGB1.B);
  42   1        LCD_ShowString(0,40,buf,BLUE,BLACK,16,0);//第三行 -- 8x16的显示单元显示ASCII码
  43   1        
  44   1      }


MODULE INFORMATION:   STATIC OVERLAYABLE
   CODE SIZE        =    346    ----
   CONSTANT SIZE    =     36    ----
   XDATA SIZE       =   ----      20
   PDATA SIZE       =   ----    ----
   DATA SIZE        =   ----    ----
   IDATA SIZE       =   ----    ----
C51 COMPILER V9.60.7.0   FUNCTION1                                                         04/26/2023 01:52:59 PAGE 2   

   BIT SIZE         =   ----    ----
END OF MODULE INFORMATION.


C51 COMPILATION COMPLETE.  0 WARNING(S),  0 ERROR(S)
