C51 COMPILER V9.60.7.0   FUNCTIONSWITCHING                                                 04/26/2023 01:52:59 PAGE 1   


C51 COMPILER V9.60.7.0, COMPILATION OF MODULE FUNCTIONSWITCHING
OBJECT MODULE PLACED IN .\Objects\functionSwitching.obj
COMPILER INVOKED BY: E:\software\keil5_v5\C51\BIN\C51.EXE functionSwitching\functionSwitching.c LARGE OPTIMIZE(8,SPEED) 
                    -BROWSE INCDIR(.\functionSwitching;.\function1;.\LCD;.\Delay;.\ADC;.\function2;.\function3) DEBUG OBJECTEXTEND PRINT(.\Li
                    -stings\functionSwitching.lst) TABS(2) OBJECT(.\Objects\functionSwitching.obj)

line level    source

   1          #include "functionSwitching.h"
   2          
   3          sbit INT1 = P3^3;
   4          sbit INT0 = P3^2;
   5          
   6          unsigned char MODE = 0;
   7          
   8          unsigned char MODE2 = 0;
   9          
  10          void functionSwitchingInit()
  11          {
  12   1        
  13   1        IT1 = 1;                                    //使能INT1下降沿中断
  14   1        EX1 = 1;                                    //使能INT1中断
  15   1        INT1 = 1;
  16   1        IT0 = 1;
  17   1        EX0 = 1;
  18   1        INT0 = 1;
  19   1        
  20   1      }
  21          
  22          void INT1_Isr() interrupt 2
  23          {
  24   1        
  25   1        if(++MODE>2)
  26   1          MODE = 0;
  27   1        while(!INT1);
  28   1        
  29   1      }
  30          
  31          void INT0_Isr() interrupt 0
  32          {
  33   1        
  34   1        MODE2 = 1 - MODE2;
  35   1        while(!INT0);
  36   1      }


MODULE INFORMATION:   STATIC OVERLAYABLE
   CODE SIZE        =     83    ----
   CONSTANT SIZE    =   ----    ----
   XDATA SIZE       =      2    ----
   PDATA SIZE       =   ----    ----
   DATA SIZE        =   ----    ----
   IDATA SIZE       =   ----    ----
   BIT SIZE         =   ----    ----
END OF MODULE INFORMATION.


C51 COMPILATION COMPLETE.  0 WARNING(S),  0 ERROR(S)
