C51 COMPILER V9.60.7.0   MAIN                                                              04/26/2023 01:52:59 PAGE 1   


C51 COMPILER V9.60.7.0, COMPILATION OF MODULE MAIN
OBJECT MODULE PLACED IN .\Objects\main.obj
COMPILER INVOKED BY: E:\software\keil5_v5\C51\BIN\C51.EXE main\main.c LARGE OPTIMIZE(8,SPEED) BROWSE INCDIR(.\functionSw
                    -itching;.\function1;.\LCD;.\Delay;.\ADC;.\function2;.\function3) DEBUG OBJECTEXTEND PRINT(.\Listings\main.lst) TABS(2) O
                    -BJECT(.\Objects\main.obj)

line level    source

   1          #include "stc8a8k64d4.h"
   2          #include "functionSwitching.h"
   3          #include "function1.h"
   4          #include "function2.h"
   5          #include "function3.h"
   6          
   7          void main()
   8          {
   9   1        
  10   1        P0M0 = 0x00;
  11   1        P0M1 = 0x00;
  12   1        P1M0 = 0x00;
  13   1        P1M1 = 0x00;
  14   1        P2M0 = 0x07;
  15   1        P2M1 = 0x00;
  16   1        P3M0 = 0x00;
  17   1        P3M1 = 0x00;
  18   1        P4M0 = 0x00;
  19   1        P4M1 = 0x00;
  20   1        P5M0 = 0x00;
  21   1        P5M1 = 0x00;
  22   1        
  23   1        ws2812b_INIT();
  24   1        
  25   1        LCD_Init();
  26   1        
  27   1        LCD_Fill(0,0,LCD_W,LCD_H,BLACK);
  28   1        
  29   1        functionSwitchingInit();
  30   1        
  31   1        adcInit();
  32   1        
  33   1        EA = 1;
  34   1        
  35   1        while(1)
  36   1        {
  37   2          switch(MODE)
  38   2          {
  39   3            case 0:function1();break;
  40   3            case 1:function2();break;
  41   3            case 2:function3();break;
  42   3          }
  43   2        }
  44   1      }


MODULE INFORMATION:   STATIC OVERLAYABLE
   CODE SIZE        =     93    ----
   CONSTANT SIZE    =   ----    ----
   XDATA SIZE       =   ----    ----
   PDATA SIZE       =   ----    ----
   DATA SIZE        =   ----    ----
   IDATA SIZE       =   ----    ----
C51 COMPILER V9.60.7.0   MAIN                                                              04/26/2023 01:52:59 PAGE 2   

   BIT SIZE         =   ----    ----
END OF MODULE INFORMATION.


C51 COMPILATION COMPLETE.  0 WARNING(S),  0 ERROR(S)
