C51 COMPILER V9.60.0.0   IIC                                                               07/23/2022 12:16:50 PAGE 1   


C51 COMPILER V9.60.0.0, COMPILATION OF MODULE IIC
OBJECT MODULE PLACED IN .\Objects\IIC.obj
COMPILER INVOKED BY: D:\stm32\C51\BIN\C51.EXE IIC.c OPTIMIZE(8,SPEED) BROWSE DEBUG OBJECTEXTEND PRINT(.\Listings\IIC.lst
                    -) TABS(2) OBJECT(.\Objects\IIC.obj)

line level    source

   1          #include "IIC.h"
   2          #include "delay.h"
   3          #include "stc8.h"
   4          
   5          sbit OLED_SDA = P5^4;
   6          sbit OLED_SCL = P5^5;
   7          
   8          //起始信号
   9          void iic_start(void)
  10          {
  11   1        OLED_SDA = 1;
  12   1        OLED_SCL = 1;
  13   1        delay_07us(7);//5us
  14   1        OLED_SDA = 0;
  15   1        delay_07us(9);//6us
  16   1        OLED_SCL = 0;
  17   1      }
  18          
  19          //停止信号
  20          void iic_stop(void)
  21          {
  22   1        OLED_SCL = 0;
  23   1        OLED_SDA = 0;
  24   1        OLED_SCL = 1;
  25   1        delay_07us(9);//6us
  26   1        OLED_SDA = 1;
  27   1        delay_07us(9);//6us
  28   1      }
  29          
  30          //等待应答
  31          unsigned char iic_wait_ack(void)
  32          {
  33   1        unsigned char temptime=0;
  34   1        OLED_SDA = 1;
  35   1        delay_07us(2);//1us
  36   1        OLED_SCL = 1;
  37   1        delay_07us(2);//1us
  38   1        while(OLED_SDA)
  39   1        {
  40   2          temptime++;
  41   2          if(temptime>250)
  42   2          {
  43   3            iic_stop();
  44   3            return 1;
  45   3          }
  46   2        }
  47   1        OLED_SCL = 0;
  48   1        return 0;
  49   1      }
  50          
  51          //应答
  52          //void iic_ack(void)
  53          //{
  54          //  OLED_SCL = 0;
C51 COMPILER V9.60.0.0   IIC                                                               07/23/2022 12:16:50 PAGE 2   

  55          //  OLED_SDA = 0;
  56          //  delay_07us(3);//2us
  57          //  OLED_SCL = 1;
  58          //  delay_07us(7);//5us
  59          //  OLED_SCL = 0;
  60          //}
  61          
  62          //非应答
  63          //void iic_nack(void)
  64          //{
  65          //  OLED_SCL = 0;
  66          //  OLED_SDA = 1;
  67          //  delay_07us(3);//2us
  68          //  OLED_SCL = 1;
  69          //  delay_07us(7);//5us
  70          //  OLED_SCL = 0;
  71          //}
  72          
  73          //数据发送
  74          void iic_send_byte(unsigned char mdata)
  75          {
  76   1        unsigned char t;
  77   1        OLED_SCL = 0;
  78   1        for(t=0;t<8;t++)
  79   1        {
  80   2          if((mdata&0x80)>0)
  81   2            OLED_SDA = 1;
  82   2          else
  83   2            OLED_SDA = 0;
  84   2          mdata<<=1;
  85   2          delay_07us(3);//2us
  86   2          OLED_SCL = 1;
  87   2          delay_07us(3);//2us
  88   2          OLED_SCL = 0;
  89   2          delay_07us(3);//2us
  90   2        }
  91   1      }
  92          
  93          //数据读取
  94          //unsigned char iic_read_byte(unsigned char ack)
  95          //{
  96          //  unsigned char i=0,mdata=0;
  97          //  for(i=0;i<8;i++)
  98          //  {
  99          //    OLED_SCL = 0;
 100          //    delay_07us(3);//2us
 101          //    OLED_SCL = 1;
 102          //    mdata<<=1;
 103          //    if(OLED_SDA)
 104          //      mdata++;
 105          //    delay_07us(2);//2us
 106          //  }
 107          //  if(!ack)
 108          //    iic_nack();
 109          //  else
 110          //    iic_ack();
 111          //  return mdata;
 112          //}


MODULE INFORMATION:   STATIC OVERLAYABLE
   CODE SIZE        =    164    ----
C51 COMPILER V9.60.0.0   IIC                                                               07/23/2022 12:16:50 PAGE 3   

   CONSTANT SIZE    =   ----    ----
   XDATA SIZE       =   ----    ----
   PDATA SIZE       =   ----    ----
   DATA SIZE        =   ----       3
   IDATA SIZE       =   ----    ----
   BIT SIZE         =   ----    ----
END OF MODULE INFORMATION.


C51 COMPILATION COMPLETE.  0 WARNING(S),  0 ERROR(S)
