C51 COMPILER V9.60.7.0   MAIN                                                              04/26/2023 01:36:41 PAGE 1   


C51 COMPILER V9.60.7.0, COMPILATION OF MODULE MAIN
OBJECT MODULE PLACED IN .\Objects\main.obj
COMPILER INVOKED BY: E:\software\keil5_v5\C51\BIN\C51.EXE main\main.c LARGE OPTIMIZE(8,SPEED) BROWSE INCDIR(.\LCD;.\Dela
                    -y;.\ADC) DEBUG OBJECTEXTEND PRINT(.\Listings\main.lst) TABS(2) OBJECT(.\Objects\main.obj)

line level    source

   1          #include "stc8h.h"
   2          #include "LCD.h"
   3          #include "adc.h"
   4          #include "stdio.h"
   5          #include "string.h"
   6          
   7          sbit lowPowerLED = P1^2;
   8          
   9          unsigned int time_cnt1 = 0;
  10          
  11          void updata_LCD(void);
  12          
  13          void main()
  14          {
  15   1        P0M0 = 0x00;
  16   1        P0M1 = 0x00;
  17   1        P1M0 = 0x04;
  18   1        P1M1 = 0x00;
  19   1        P2M0 = 0x00;
  20   1        P2M1 = 0x00;
  21   1        P3M0 = 0x00;
  22   1        P3M1 = 0x00;
  23   1        P4M0 = 0x00;
  24   1        P4M1 = 0x00;
  25   1        P5M0 = 0x00;
  26   1        P5M1 = 0x00;
  27   1        
  28   1        AUXR |= 0x40;     //定时器时钟1T模式
  29   1        TMOD &= 0x0F;     //设置定时器模式
  30   1        TL1 = 0x40;       //设置定时初始值
  31   1        TH1 = 0xA2;       //设置定时初始值
  32   1        TF1 = 0;        //清除TF1标志
  33   1        TR1 = 0;        //定时器1开始计时
  34   1        ET1 = 1;
  35   1        
  36   1        adcInit();
  37   1        
  38   1        EA = 1;
  39   1        
  40   1        LCD_Init();
  41   1        
  42   1        LCD_Fill(0,0,LCD_W,LCD_H,BLACK);
  43   1        
  44   1        while(1)
  45   1        {
  46   2          updata_LCD();
  47   2          
  48   2          if(BAT<3.7)
  49   2          {
  50   3            TR1 = 1;        //定时器1开始计时
  51   3          }else{
  52   3            TR1 = 0;        //定时器1停止计时
  53   3          }
  54   2          
C51 COMPILER V9.60.7.0   MAIN                                                              04/26/2023 01:36:41 PAGE 2   

  55   2        }
  56   1      }
  57          
  58          void updata_LCD(void)
  59          {
  60   1        char buf[20];
  61   1        
  62   1        memset(buf,0,20);
  63   1        sprintf(buf,"VOUT: %4.1f V",VOUT);
  64   1        LCD_ShowString(0,0,buf,BLUE,BLACK,16,0);//第一行 -- 8x16的显示单元显示ASCII码
  65   1        
  66   1        memset(buf,0,20);
  67   1        sprintf(buf,"IOUT: %7.2f mA",IOUT);
  68   1        LCD_ShowString(0,20,buf,BLUE,BLACK,16,0);//第二行 -- 8x16的显示单元显示ASCII码
  69   1        
  70   1        memset(buf,0,20);
  71   1        sprintf(buf,"BAT: %4.1f V",BAT);
  72   1        LCD_ShowString(0,40,buf,BLUE,BLACK,16,0);//第三行 -- 8x16的显示单元显示ASCII码
  73   1        
  74   1      }
  75          
  76          void TM1_Isr() interrupt 3
  77          {
  78   1        time_cnt1++;
  79   1        if(time_cnt1>=500)
  80   1        {
  81   2          lowPowerLED = !lowPowerLED; 
  82   2          time_cnt1 = 0;
  83   2        }   
  84   1      }


MODULE INFORMATION:   STATIC OVERLAYABLE
   CODE SIZE        =    444    ----
   CONSTANT SIZE    =     42    ----
   XDATA SIZE       =      2      20
   PDATA SIZE       =   ----    ----
   DATA SIZE        =   ----    ----
   IDATA SIZE       =   ----    ----
   BIT SIZE         =   ----    ----
END OF MODULE INFORMATION.


C51 COMPILATION COMPLETE.  0 WARNING(S),  0 ERROR(S)
