C51 COMPILER V9.60.0.0   ET2046                                                            11/02/2022 12:18:46 PAGE 1   


C51 COMPILER V9.60.0.0, COMPILATION OF MODULE ET2046
OBJECT MODULE PLACED IN .\Objects\ET2046.obj
COMPILER INVOKED BY: D:\stm32\C51\BIN\C51.EXE ET2046.c OPTIMIZE(8,SPEED) BROWSE DEBUG OBJECTEXTEND PRINT(.\Listings\ET20
                    -46.lst) TABS(2) OBJECT(.\Objects\ET2046.obj)

line level    source

   1          #include "reg52.h"
   2          #include "intrins.h"
   3          
   4          sbit DIN = P3^4;
   5          sbit CS = P3^5;
   6          sbit DCLK = P3^6;
   7          sbit DOUT = P3^7;
   8          
   9          void ET2046_Write_REG(unsigned char cmd)
  10          {
  11   1        char i = 0;
  12   1        
  13   1        DCLK = 0;
  14   1        for(i=0;i<8;i++)
  15   1        {
  16   2          if(cmd&0x80)
  17   2            DIN = 1;
  18   2          else
  19   2            DIN = 0;
  20   2          _nop_();
  21   2          DCLK = 1;
  22   2          _nop_();
  23   2          DCLK = 0;
  24   2          cmd <<= 1;
  25   2        }
  26   1        
  27   1      }
  28          
  29          //void ET2046_Write_REG(unsigned char cmd)
  30          //{
  31          //  char i = 0;
  32          //  
  33          //  DCLK = 0;
  34          //  for(i=0; i<8; i++)
  35          //  {
  36          //      DIN = cmd >> 7;     //ЗХжУзюИпЮЛ
  37          //      cmd <<= 1;
  38          //      DCLK = 0;            //ЩЯЩ§биЗХжУЪ§Он
  39          
  40          //      DCLK = 1;
  41          
  42          //  }
  43          //  
  44          //}
  45          
  46          unsigned int ET2046_Write_Data(void)
  47          {
  48   1        char i = 0;
  49   1        unsigned int dat = 0;
  50   1        DCLK = 0;
  51   1        for(i=0;i<12;i++)
  52   1        {
  53   2          dat <<= 1;
  54   2          if(DOUT)
C51 COMPILER V9.60.0.0   ET2046                                                            11/02/2022 12:18:46 PAGE 2   

  55   2            dat |= 1;
  56   2          else
  57   2            dat |= 0;
  58   2          _nop_();
  59   2          DCLK = 1;
  60   2          _nop_();
  61   2          DCLK = 0;
  62   2        }
  63   1        
  64   1        return dat;
  65   1        
  66   1      }
  67          
  68          //unsigned int ET2046_Write_Data(void)
  69          //{
  70          //  char i = 0;
  71          //  unsigned int dat = 0;
  72          //  
  73          //  DCLK = 0;
  74          //  for(i=0; i<12; i++)     //НгЪе12ЮЛЪ§Он
  75          //  {
  76          //      dat <<= 1;
  77          
  78          //      DCLK = 1;
  79          //      DCLK = 0;
  80          
  81          //      dat |= DOUT;
  82          
  83          //  }
  84          //  return dat; 
  85          
  86          //}
  87          
  88          
  89          unsigned int ET2046_ConvertAndRead(unsigned char cmd)
  90          {
  91   1        unsigned int dat = 0;
  92   1        char i = 0;
  93   1        
  94   1        CS = 0;
  95   1        ET2046_Write_REG(cmd);
  96   1        for(i=6; i>0; i--);
  97   1        _nop_();
  98   1        DCLK = 1;
  99   1        _nop_();
 100   1        DCLK = 0;
 101   1        dat = ET2046_Write_Data();
 102   1        CS = 1;
 103   1        
 104   1        return dat;
 105   1        
 106   1      }
 107          
 108          //unsigned int ET2046_ConvertAndRead(unsigned char cmd)
 109          //{
 110          //  unsigned int dat = 0;
 111          //  char i = 0;
 112          //  
 113          //  DCLK = 0;
 114          //  CS  = 0;
 115          //  ET2046_Write_REG(cmd);
 116          //  for(i=6; i>0; i--);     //бгЪБЕШД§зЊЛЛНсЙћ
C51 COMPILER V9.60.0.0   ET2046                                                            11/02/2022 12:18:46 PAGE 3   

 117          //  DCLK = 1;      //ЗЂЫЭвЛИіЪБжгжмЦкЃЌЧхГ§BUSY
 118          //  _nop_();
 119          //  _nop_();
 120          //  DCLK = 0;
 121          //  _nop_();
 122          //  _nop_();
 123          //  dat=ET2046_Write_Data();
 124          //  CS = 1;
 125          //  return dat;
 126          //  
 127          //}


MODULE INFORMATION:   STATIC OVERLAYABLE
   CODE SIZE        =    136    ----
   CONSTANT SIZE    =   ----    ----
   XDATA SIZE       =   ----    ----
   PDATA SIZE       =   ----    ----
   DATA SIZE        =   ----    ----
   IDATA SIZE       =   ----    ----
   BIT SIZE         =   ----    ----
END OF MODULE INFORMATION.


C51 COMPILATION COMPLETE.  0 WARNING(S),  0 ERROR(S)
