C51 COMPILER V9.60.0.0   MAIN                                                              11/02/2022 12:09:26 PAGE 1   


C51 COMPILER V9.60.0.0, COMPILATION OF MODULE MAIN
OBJECT MODULE PLACED IN .\Objects\main.obj
COMPILER INVOKED BY: D:\stm32\C51\BIN\C51.EXE main.c OPTIMIZE(8,SPEED) BROWSE DEBUG OBJECTEXTEND PRINT(.\Listings\main.l
                    -st) TABS(2) OBJECT(.\Objects\main.obj)

line level    source

   1          #include "reg52.h"
   2          #include "ET2046.h"
   3          #include "NixieTube.h"
   4          
   5          void main()
   6          {
   7   1        double dat = 0,value = 0.0011475,mult = 5.63;
   8   1        unsigned int i = 0;
   9   1        
  10   1        dat = (ET2046_ConvertAndRead(AIN3)*value)*mult;
  11   1        dat = (ET2046_ConvertAndRead(AIN3)*value)*mult;
  12   1        dat = (ET2046_ConvertAndRead(AIN3)*value)*mult;
  13   1        
  14   1        while(1)
  15   1        {
  16   2          display_NixieTube(dat);
  17   2          i++;
  18   2          if(i==33)
  19   2          {
  20   3            dat = (ET2046_ConvertAndRead(AIN3)*value)*mult;
  21   3            i=0;
  22   3          }
  23   2        }
  24   1      }


MODULE INFORMATION:   STATIC OVERLAYABLE
   CODE SIZE        =    241    ----
   CONSTANT SIZE    =   ----    ----
   XDATA SIZE       =   ----    ----
   PDATA SIZE       =   ----    ----
   DATA SIZE        =   ----      14
   IDATA SIZE       =   ----    ----
   BIT SIZE         =   ----    ----
END OF MODULE INFORMATION.


C51 COMPILATION COMPLETE.  0 WARNING(S),  0 ERROR(S)
