C51 COMPILER V9.60.0.0   NIXIETUBE                                                         11/02/2022 12:08:41 PAGE 1   


C51 COMPILER V9.60.0.0, COMPILATION OF MODULE NIXIETUBE
OBJECT MODULE PLACED IN .\Objects\NixieTube.obj
COMPILER INVOKED BY: D:\stm32\C51\BIN\C51.EXE NixieTube.c OPTIMIZE(8,SPEED) BROWSE DEBUG OBJECTEXTEND PRINT(.\Listings\N
                    -ixieTube.lst) TABS(2) OBJECT(.\Objects\NixieTube.obj)

line level    source

   1          #include "reg52.h"
   2          #include "string.h"
   3          #include "stdio.h"
   4          #include "intrins.h"
   5          
   6          sbit LS7438_A=P2^2;
   7          sbit LS7438_B=P2^3;
   8          sbit LS7438_C=P2^4;
   9          
  10          code char seg_7_code[12]={0x3f,0x06,0x5b,0x4f,0x66,0x6d,0x7d,0x07,0x7f,0x6f,0x80,0x00};
  11          
  12          void Delay100us()   //@11.0592MHz
  13          {
  14   1        unsigned char i, j;
  15   1      
  16   1        _nop_();
  17   1        _nop_();
  18   1        i = 2;
  19   1        j = 15;
  20   1        do
  21   1        {
  22   2          while (--j);
  23   2        } while (--i);
  24   1      }
  25          
  26          void Delay_100us(int n100us)
  27          {
  28   1        while(n100us--)
  29   1        {
  30   2          Delay100us();
  31   2        }
  32   1      }
  33          
  34          void Delay1ms()   //@11.0592MHz
  35          {
  36   1        unsigned char i, j;
  37   1      
  38   1        _nop_();
  39   1        _nop_();
  40   1        _nop_();
  41   1        i = 11;
  42   1        j = 190;
  43   1        do
  44   1        {
  45   2          while (--j);
  46   2        } while (--i);
  47   1      }
  48          
  49          void delay_ms(int nms)
  50          {
  51   1        while(nms--)
  52   1        {
  53   2          Delay1ms();
  54   2        }
C51 COMPILER V9.60.0.0   NIXIETUBE                                                         11/02/2022 12:08:41 PAGE 2   

  55   1      }
  56          
  57          void display_NixieTube(float num)
  58          {
  59   1        char i=0,buf[10]={0},sort=0,flag=0;
  60   1        
  61   1        sprintf(buf,"%4.1f",(float)num);
  62   1          
  63   1        
  64   1        for(i=0;i<strlen(buf);i++)
  65   1        {
  66   2          
  67   2          if(buf[i]=='.')
  68   2            flag = 1;
  69   2          
  70   2          if(flag)
  71   2            sort = i-1 ;
  72   2          else
  73   2            sort = i;
  74   2          
  75   2          switch((strlen(buf)-sort-2))
  76   2          {
  77   3            case 0:LS7438_C=0;LS7438_B=0;LS7438_A=0;break;
  78   3            case 1:LS7438_C=0;LS7438_B=0;LS7438_A=1;break;
  79   3            case 2:LS7438_C=0;LS7438_B=1;LS7438_A=0;break;
  80   3          }
  81   2          
  82   2          switch(buf[i])
  83   2          {
  84   3            case '0':P0=seg_7_code[0];break;
  85   3            case '1':P0=seg_7_code[1];break;
  86   3            case '2':P0=seg_7_code[2];break;
  87   3            case '3':P0=seg_7_code[3];break;
  88   3            case '4':P0=seg_7_code[4];break;
  89   3            case '5':P0=seg_7_code[5];break;
  90   3            case '6':P0=seg_7_code[6];break;
  91   3            case '7':P0=seg_7_code[7];break;
  92   3            case '8':P0=seg_7_code[8];break;
  93   3            case '9':P0=seg_7_code[9];break;
  94   3            case '.':P0=seg_7_code[10];break;
  95   3          }
  96   2          
  97   2          Delay_100us(5);
  98   2          
  99   2          P0 = seg_7_code[11];
 100   2          
 101   2        }
 102   1      }


MODULE INFORMATION:   STATIC OVERLAYABLE
   CODE SIZE        =    383    ----
   CONSTANT SIZE    =     28    ----
   XDATA SIZE       =   ----    ----
   PDATA SIZE       =   ----    ----
   DATA SIZE        =   ----      17
   IDATA SIZE       =   ----    ----
   BIT SIZE         =   ----    ----
END OF MODULE INFORMATION.


C51 COMPILATION COMPLETE.  0 WARNING(S),  0 ERROR(S)
