C51 COMPILER V9.60.7.0   DELAY                                                             02/19/2023 18:20:44 PAGE 1   


C51 COMPILER V9.60.7.0, COMPILATION OF MODULE DELAY
OBJECT MODULE PLACED IN .\Objects\delay.obj
COMPILER INVOKED BY: E:\software\keil5_v5\C51\BIN\C51.EXE delay.c OPTIMIZE(8,SPEED) BROWSE INCDIR(..\DC_DC) DEBUG OBJECT
                    -EXTEND PRINT(.\Listings\delay.lst) TABS(2) OBJECT(.\Objects\delay.obj)

line level    source

   1          #include "delay.h"
   2          #include "intrins.h"
   3          
   4          void Delay1ms()   //@24.000MHz
   5          {
   6   1        unsigned char i, j;
   7   1      
   8   1        i = 24;
   9   1        j = 85;
  10   1        do
  11   1        {
  12   2          while (--j);
  13   2        } while (--i);
  14   1      }
  15          
  16          //void Delay100ms()   //@24.000MHz
  17          //{
  18          //  unsigned char i, j, k;
  19          
  20          //  _nop_();
  21          //  _nop_();
  22          //  i = 10;
  23          //  j = 31;
  24          //  k = 147;
  25          //  do
  26          //  {
  27          //    do
  28          //    {
  29          //      while (--k);
  30          //    } while (--j);
  31          //  } while (--i);
  32          //}


MODULE INFORMATION:   STATIC OVERLAYABLE
   CODE SIZE        =      9    ----
   CONSTANT SIZE    =   ----    ----
   XDATA SIZE       =   ----    ----
   PDATA SIZE       =   ----    ----
   DATA SIZE        =   ----    ----
   IDATA SIZE       =   ----    ----
   BIT SIZE         =   ----    ----
END OF MODULE INFORMATION.


C51 COMPILATION COMPLETE.  0 WARNING(S),  0 ERROR(S)
