C51 COMPILER V9.60.7.0   LCD                                                               02/27/2023 00:51:07 PAGE 1   


C51 COMPILER V9.60.7.0, COMPILATION OF MODULE LCD
OBJECT MODULE PLACED IN .\Objects\lcd.obj
COMPILER INVOKED BY: E:\software\keil5_v5\C51\BIN\C51.EXE lcd.c OPTIMIZE(8,SPEED) BROWSE INCDIR(..\DC_DC) DEBUG OBJECTEX
                    -TEND PRINT(.\Listings\lcd.lst) TABS(2) OBJECT(.\Objects\lcd.obj)

line level    source

   1          #include "codetab.h"
   2          #include "LQ12864.h"
   3          #include "DC_DC.h"
   4          #include "string.h"
   5          #include "stdio.h"
   6          
   7          float VIN = 0;
   8          float VOUT = 0;
   9          float OCC = 0;
  10          
  11          //float DC_VOL_MAX = 0;//极限最大电压
  12          //float DC_VOL_MIN = 0;//极限最小电压
  13          //float DC_VOL_Section = 0;
  14          
  15          void lcd_init(void)
  16          {
  17   1        OLED_Init(); //OLED初始化
  18   1      }
  19          
  20          void updata_LCD(void)
  21          {
  22   1        char buf[16];
  23   1        
  24   1        memset(buf,0,16);
  25   1        sprintf(buf,"VIN: %5.2f V",VIN);
  26   1        OLED_P8x16Str(0,0,buf);//第一行 -- 8x16的显示单元显示ASCII码
  27   1        
  28   1        memset(buf,0,16);
  29   1        sprintf(buf,"VOUT: %5.2f V",VOUT);
  30   1        OLED_P8x16Str(0,2,buf);//第一行 -- 8x16的显示单元显示ASCII码
  31   1        
  32   1      //  memset(buf,0,16);
  33   1      //  sprintf(buf,"pwm: %5d",pwm);
  34   1      //  OLED_P8x16Str(0,4,buf);//第一行 -- 8x16的显示单元显示ASCII码
  35   1        
  36   1        memset(buf,0,16);
  37   1        OCC = pwm/(PWM_HIGH_MAX*1.0)*100;
  38   1        sprintf(buf,"OCC: %7.3f %%",OCC);
  39   1        OLED_P8x16Str(0,4,buf);//第一行 -- 8x16的显示单元显示ASCII码
  40   1        
  41   1        memset(buf,0,16);
  42   1        sprintf(buf,"B: %2d V S: %2d V",(int)VOL_MAX,(int)VOL_MIN);
  43   1        OLED_P8x16Str(0,6,buf);//第一行 -- 8x16的显示单元显示ASCII码
  44   1        
  45   1      }


MODULE INFORMATION:   STATIC OVERLAYABLE
   CODE SIZE        =    771    ----
   CONSTANT SIZE    =   1579    ----
   XDATA SIZE       =   ----    ----
   PDATA SIZE       =   ----    ----
   DATA SIZE        =     12      24
   IDATA SIZE       =   ----    ----
C51 COMPILER V9.60.7.0   LCD                                                               02/27/2023 00:51:07 PAGE 2   

   BIT SIZE         =   ----    ----
END OF MODULE INFORMATION.


C51 COMPILATION COMPLETE.  0 WARNING(S),  0 ERROR(S)
