C51 COMPILER V9.60.7.0   ADC                                                               06/02/2023 05:04:46 PAGE 1   


C51 COMPILER V9.60.7.0, COMPILATION OF MODULE ADC
OBJECT MODULE PLACED IN .\Objects\adc.obj
COMPILER INVOKED BY: E:\software\keil5_v5\C51\BIN\C51.EXE adc.c OPTIMIZE(8,SPEED) BROWSE DEBUG OBJECTEXTEND PRINT(.\List
                    -ings\adc.lst) TABS(2) OBJECT(.\Objects\adc.obj)

line level    source

   1          #include "adc.h"
   2          
   3          struct adc_msg adc_msg_1={0};
   4          
   5          /*----------------------------
   6          初始化ADC
   7          ----------------------------*/
   8          void ADC_Config()
   9          {
  10   1        P1M0 = 0x00;                                //设置P1.0为ADC口
  11   1        P1M1 = 0x0f;
  12   1      
  13   1        P_SW2 |= 0x80;
  14   1        ADCTIM = 0x3f;
  15   1        ADCEXCFG = 0x06;
  16   1        P_SW2 &= 0x7f;
  17   1        EADC = 1;                                   //使能ADC中断
  18   1        EA = 1;
  19   1        ADCCFG = 0x0f;                              //设置ADC时钟为系统时钟/2/16/16
  20   1        ADC_CONTR = 0x80;                           //使能ADC模块
  21   1        ADC_CONTR |= 0x40;                          //启动AD转换
  22   1      
  23   1      }
  24          
  25          void adcInit(void)
  26          {
  27   1        ADC_Config();                      //初始化ADC
  28   1        Delay1ms();
  29   1      }
  30          
  31          /*----------------------------
  32          ADC中断服务程序
  33          ----------------------------*/
  34          void adc_isr() interrupt 5
  35          {
  36   1        
  37   1        ADC_CONTR &= ~0x20;     //清除ADC结束标志
  38   1          
  39   1        adc_msg_1.AD_Value = ADC_RES<<8;
  40   1        adc_msg_1.AD_Value = adc_msg_1.AD_Value|ADC_RESL;
  41   1        adc_msg_1.AD_Value = adc_msg_1.AD_Value>>4;
  42   1        
  43   1        if(adc_msg_1.ch==0)
  44   1          DC_DC_1.Vout = adc_msg_1.AD_Value*VOUT_K;
  45   1        else if(adc_msg_1.ch==1)
  46   1          DC_DC_1.Vin = adc_msg_1.AD_Value*VIN_K;
  47   1        else if(adc_msg_1.ch==2)
  48   1          DC_DC_1.Iin = adc_msg_1.AD_Value*IIN_K;
  49   1        else
  50   1          DC_DC_1.Iout = adc_msg_1.AD_Value*IOUT_K;
  51   1      
  52   1        if(++adc_msg_1.ch>3)
  53   1          adc_msg_1.ch = 0;
  54   1        
C51 COMPILER V9.60.7.0   ADC                                                               06/02/2023 05:04:46 PAGE 2   

  55   1        ADC_CONTR = (ADC_CONTR & 0xF0) | 0x40 | adc_msg_1.ch;    //启动 AD 转换
  56   1      
  57   1          
  58   1      }


MODULE INFORMATION:   STATIC OVERLAYABLE
   CODE SIZE        =    293    ----
   CONSTANT SIZE    =   ----    ----
   XDATA SIZE       =   ----    ----
   PDATA SIZE       =   ----    ----
   DATA SIZE        =      3    ----
   IDATA SIZE       =   ----    ----
   BIT SIZE         =   ----    ----
END OF MODULE INFORMATION.


C51 COMPILATION COMPLETE.  0 WARNING(S),  0 ERROR(S)
