C51 COMPILER V9.60.7.0   DC_DC                                                             06/02/2023 05:04:46 PAGE 1   


C51 COMPILER V9.60.7.0, COMPILATION OF MODULE DC_DC
OBJECT MODULE PLACED IN .\Objects\DC_DC.obj
COMPILER INVOKED BY: E:\software\keil5_v5\C51\BIN\C51.EXE DC_DC.c OPTIMIZE(8,SPEED) BROWSE DEBUG OBJECTEXTEND PRINT(.\Li
                    -stings\DC_DC.lst) TABS(2) OBJECT(.\Objects\DC_DC.obj)

line level    source

   1          #include "DC_DC.h"
   2          
   3          struct DC_DC DC_DC_1 = {0,0,VOL_MIN,0,0,0,0};
   4          
   5          /* 求电压值对应的PWM值 */
   6          /* arg    vol     :voltage_value
   7          /* return   pwm_value
   8          */
   9          uint16_t voltageToPWM(float vol)
  10          {
  11   1        if(vol<VOL_MIN||vol>VOL_MAX)
  12   1          return DC_DC_1.pwm;
  13   1        
  14   1        return pwm_map(1.0-(vol-VOL_LIMIT_MIN)/(VOL_LIMIT_MAX-VOL_LIMIT_MIN));
  15   1      }
  16          
  17          
  18          /* 根据占空比计算pwm的值 */
  19          /* arg occ :占空比 */
  20          //ooc>=0 | occ<=1
  21          uint16_t pwm_map(float occ)
  22          {
  23   1        if(occ>=1)
  24   1          return 0;
  25   1        else if(occ<=0)
  26   1          return CYCLE;
  27   1        else
  28   1          return CYCLE*occ;
  29   1          
  30   1      }
  31          
  32          /* 加载PWM */
  33          /* brief    用于pwm_value更新时加载到硬件上 */
  34          /* arg    pwm_value     :pwm的值 */
  35          void LoadPWM(uint16_t pwm_value)
  36          {
  37   1        if(pwm_value>CYCLE)
  38   1          pwm_value = CYCLE;
  39   1        
  40   1        P_SW2=0X80;
  41   1        
  42   1        PWMCFG = 0x00;          //关闭PWM模块
  43   1        
  44   1        PWM0T1 = pwm_value;
  45   1        PWM0T2 = 0x0000;
  46   1        
  47   1        PWMCFG = 0x01;          //启动PWM模块
  48   1        
  49   1      }
  50          
  51          
  52          /* PWM初始化*/
  53          /* brief    为控制XL6007E1提供一路PWM */
  54          void DC_DC_PWM_Init(void)
C51 COMPILER V9.60.7.0   DC_DC                                                             06/02/2023 05:04:46 PAGE 2   

  55          {
  56   1        PWMSET = 0x01;          //使能PWM模块(必须先使能模块后面的设置才有效)
  57   1        
  58   1        P_SW2 = 0x80;
  59   1        PWMCKS = 0x00;          //PWM时钟为系统时钟
  60   1        PWMC = CYCLE;           //设置PWM周期为1000H 个PWM时钟
  61   1        PWM0T1 = 0x0000;        //在计数值为0000H 地方PWM0 通道输出低电平
  62   1        PWM0T2 = 0x0000;        //在计数值为0000H 地方PWM0 通道输出高电平
  63   1        PWM0CR = 0x80;          //使能PWM0 输出
  64   1        P_SW2 = 0x00;
  65   1        
  66   1        PWMCFG = 0x01;          //启动PWM模块
  67   1      
  68   1      }


MODULE INFORMATION:   STATIC OVERLAYABLE
   CODE SIZE        =    264    ----
   CONSTANT SIZE    =   ----    ----
   XDATA SIZE       =   ----    ----
   PDATA SIZE       =   ----    ----
   DATA SIZE        =     24       8
   IDATA SIZE       =   ----    ----
   BIT SIZE         =   ----    ----
END OF MODULE INFORMATION.


C51 COMPILATION COMPLETE.  0 WARNING(S),  0 ERROR(S)
