C51 COMPILER V9.60.7.0   DELAY                                                             06/02/2023 03:28:29 PAGE 1   


C51 COMPILER V9.60.7.0, COMPILATION OF MODULE DELAY
OBJECT MODULE PLACED IN .\Objects\delay.obj
COMPILER INVOKED BY: E:\software\keil5_v5\C51\BIN\C51.EXE delay.c OPTIMIZE(8,SPEED) BROWSE DEBUG OBJECTEXTEND PRINT(.\Li
                    -stings\delay.lst) TABS(2) OBJECT(.\Objects\delay.obj)

line level    source

   1          #include "delay.h"
   2          #include "intrins.h"
   3          
   4          //void Delay2us(void)   //@24.000MHz
   5          //{
   6          //}
   7          
   8          void Delay2us()   //@24.000MHz
   9          {
  10   1        unsigned char i;
  11   1      
  12   1        i = 14;
  13   1        while (--i);
  14   1      }
  15          
  16          //void Delay5us(void)   //@24.000MHz
  17          //{
  18          //  unsigned char i;
  19          
  20          //  _nop_();
  21          //  i = 2;
  22          //  while (--i);
  23          //}
  24          
  25          void Delay5us()   //@24.000MHz
  26          {
  27   1        unsigned char i;
  28   1      
  29   1        i = 38;
  30   1        while (--i);
  31   1      }
  32          
  33          //void Delay6us(void)   //@24.000MHz
  34          //{
  35          //  unsigned char i;
  36          
  37          //  _nop_();
  38          //  i = 3;
  39          //  while (--i);
  40          //}
  41          
  42          void Delay6us()   //@24.000MHz
  43          {
  44   1        unsigned char i;
  45   1      
  46   1        i = 46;
  47   1        while (--i);
  48   1      }
  49          
  50          //void Delay1ms()   //@24.000MHz
  51          //{
  52          //  unsigned char i, j;
  53          
  54          //  i = 4;
C51 COMPILER V9.60.7.0   DELAY                                                             06/02/2023 03:28:29 PAGE 2   

  55          //  j = 225;
  56          //  do
  57          //  {
  58          //    while (--j);
  59          //  } while (--i);
  60          //}
  61          
  62          void Delay1ms()   //@24.000MHz
  63          {
  64   1        unsigned char i, j;
  65   1      
  66   1        _nop_();
  67   1        i = 32;
  68   1        j = 40;
  69   1        do
  70   1        {
  71   2          while (--j);
  72   2        } while (--i);
  73   1      }
  74          
  75          //void Delay50ms()    //@24.000MHz
  76          //{
  77          //  unsigned char i, j, k;
  78          
  79          //  _nop_();
  80          //  i = 7;
  81          //  j = 23;
  82          //  k = 105;
  83          //  do
  84          //  {
  85          //    do
  86          //    {
  87          //      while (--k);
  88          //    } while (--j);
  89          //  } while (--i);
  90          //}
  91          
  92          void Delay500ms()   //@24.000MHz
  93          {
  94   1        unsigned char i, j, k;
  95   1      
  96   1        _nop_();
  97   1        _nop_();
  98   1        i = 61;
  99   1        j = 225;
 100   1        k = 62;
 101   1        do
 102   1        {
 103   2          do
 104   2          {
 105   3            while (--k);
 106   3          } while (--j);
 107   2        } while (--i);
 108   1      }
 109          


MODULE INFORMATION:   STATIC OVERLAYABLE
   CODE SIZE        =     40    ----
   CONSTANT SIZE    =   ----    ----
   XDATA SIZE       =   ----    ----
   PDATA SIZE       =   ----    ----
C51 COMPILER V9.60.7.0   DELAY                                                             06/02/2023 03:28:29 PAGE 3   

   DATA SIZE        =   ----    ----
   IDATA SIZE       =   ----    ----
   BIT SIZE         =   ----    ----
END OF MODULE INFORMATION.


C51 COMPILATION COMPLETE.  0 WARNING(S),  0 ERROR(S)
