C51 COMPILER V9.60.7.0   ADC                                                               04/05/2023 18:17:22 PAGE 1   


C51 COMPILER V9.60.7.0, COMPILATION OF MODULE ADC
OBJECT MODULE PLACED IN .\Objects\adc.obj
COMPILER INVOKED BY: E:\software\keil5_v5\C51\BIN\C51.EXE adc.c LARGE OPTIMIZE(8,SPEED) BROWSE INCDIR(..\DC_DC) DEBUG OB
                    -JECTEXTEND PRINT(.\Listings\adc.lst) TABS(2) OBJECT(.\Objects\adc.obj)

line level    source

   1          #include "adc.h"
   2          #include "oled.h"
   3          #include "delay.h"
   4          #include "intrins.h"
   5          
   6          uint8_t ch = 0;
   7          
   8          uint16_t AD_Value = 0;
   9          
  10          /*----------------------------
  11          初始化ADC
  12          ----------------------------*/
  13          void ADC_Config()
  14          {
  15   1        P1M0 = 0x00;                                //设置P1.0为ADC口
  16   1        P1M1 = 0x0f;
  17   1      
  18   1        P_SW2 |= 0x80;
  19   1        ADCTIM = 0x3f;
  20   1        ADCEXCFG = 0x06;
  21   1        P_SW2 &= 0x7f;
  22   1        EADC = 1;                                   //使能ADC中断
  23   1        EA = 1;
  24   1        ADCCFG = 0x0f;                              //设置ADC时钟为系统时钟/2/16/16
  25   1        ADC_CONTR = 0x80;                           //使能ADC模块
  26   1        ADC_CONTR |= 0x40;                          //启动AD转换
  27   1      
  28   1      }
  29          
  30          void adcInit(void)
  31          {
  32   1        ADC_Config();                      //初始化ADC
  33   1        Delay1ms();
  34   1      }
  35          
  36          /*----------------------------
  37          ADC中断服务程序
  38          ----------------------------*/
  39          void adc_isr() interrupt 5
  40          {
  41   1        
  42   1        ADC_CONTR &= ~0x20;     //清除ADC结束标志
  43   1          
  44   1        AD_Value = ADC_RES<<8;
  45   1        AD_Value = AD_Value|ADC_RESL;
  46   1        AD_Value = AD_Value>>4;
  47   1        
  48   1        if(ch==0)
  49   1        {
  50   2          VOUT = AD_Value*VOUT_K;
  51   2        }
  52   1        else if(ch==1)
  53   1          VIN = AD_Value*VIN_K;
  54   1        else if(ch==2)
C51 COMPILER V9.60.7.0   ADC                                                               04/05/2023 18:17:22 PAGE 2   

  55   1          BAT_I = AD_Value*BAT_I_K;
  56   1        else
  57   1          VOUT_I = AD_Value*VOUT_I_K;
  58   1      
  59   1        if(++ch>3)
  60   1          ch = 0;
  61   1        
  62   1        ADC_CONTR = (ADC_CONTR & 0xF0) | 0x40 | ch;    //启动 AD 转换
  63   1      
  64   1          
  65   1      }


MODULE INFORMATION:   STATIC OVERLAYABLE
   CODE SIZE        =    314    ----
   CONSTANT SIZE    =   ----    ----
   XDATA SIZE       =      3    ----
   PDATA SIZE       =   ----    ----
   DATA SIZE        =   ----    ----
   IDATA SIZE       =   ----    ----
   BIT SIZE         =   ----    ----
END OF MODULE INFORMATION.


C51 COMPILATION COMPLETE.  0 WARNING(S),  0 ERROR(S)
