C51 COMPILER V9.60.7.0   LCD                                                               02/27/2023 19:13:26 PAGE 1   


C51 COMPILER V9.60.7.0, COMPILATION OF MODULE LCD
OBJECT MODULE PLACED IN .\Objects\lcd.obj
COMPILER INVOKED BY: E:\software\keil5_v5\C51\BIN\C51.EXE lcd.c OPTIMIZE(8,SPEED) BROWSE INCDIR(..\DC_DC) DEBUG OBJECTEX
                    -TEND PRINT(.\Listings\lcd.lst) TABS(2) OBJECT(.\Objects\lcd.obj)

line level    source

   1          #include "codetab.h"
   2          #include "LQ12864.h"
*** WARNING C206 IN LINE 154 OF LQ12864.h: 'Delay100ms': missing function-prototype
   3          #include "DC_DC.h"
   4          #include "string.h"
   5          #include "stdio.h"
   6          
   7          float VIN = 0;
   8          float VOUT = 0;
   9          float BAT_I = 0;
  10          float VOUT_I = 0;
  11          float OCC = 0;
  12          
  13          void lcd_init(void)
  14          {
  15   1        OLED_Init(); //OLED初始化
  16   1      }
  17          
  18          void updata_LCD(void)
  19          {
  20   1        char buf[16];
  21   1        
  22   1        memset(buf,0,16);
  23   1        sprintf(buf,"VIN: %5.2f V",VIN);
  24   1        OLED_P8x16Str(0,0,buf);//第一行 -- 8x16的显示单元显示ASCII码
  25   1        
  26   1        memset(buf,0,16);
  27   1        sprintf(buf,"VOUT: %5.2f V",VOUT);
  28   1        OLED_P8x16Str(0,2,buf);//第一行 -- 8x16的显示单元显示ASCII码
  29   1        
  30   1      //  memset(buf,0,16);
  31   1      //  sprintf(buf,"pwm: %5d",pwm);
  32   1      //  OLED_P8x16Str(0,4,buf);//第一行 -- 8x16的显示单元显示ASCII码
  33   1        
  34   1        memset(buf,0,16);
  35   1        OCC = pwm/(CYCLE*1.0)*100;
  36   1        sprintf(buf,"OCC: %7.3f %%",OCC);
  37   1        OLED_P8x16Str(0,4,buf);//第一行 -- 8x16的显示单元显示ASCII码
  38   1        
  39   1        memset(buf,0,16);
  40   1        sprintf(buf,"B: %2d V S: %2d V",(int)VOL_MAX,(int)VOL_MIN);
  41   1        OLED_P8x16Str(0,6,buf);//第一行 -- 8x16的显示单元显示ASCII码
  42   1        
  43   1      }


MODULE INFORMATION:   STATIC OVERLAYABLE
   CODE SIZE        =    766    ----
   CONSTANT SIZE    =   1579    ----
   XDATA SIZE       =   ----    ----
   PDATA SIZE       =   ----    ----
   DATA SIZE        =     20      25
   IDATA SIZE       =   ----    ----
   BIT SIZE         =   ----    ----
C51 COMPILER V9.60.7.0   LCD                                                               02/27/2023 19:13:26 PAGE 2   

END OF MODULE INFORMATION.


C51 COMPILATION COMPLETE.  1 WARNING(S),  0 ERROR(S)
