C51 COMPILER V9.60.7.0   WS2812                                                            04/17/2023 23:05:23 PAGE 1   


C51 COMPILER V9.60.7.0, COMPILATION OF MODULE WS2812
OBJECT MODULE PLACED IN .\Objects\WS2812.obj
COMPILER INVOKED BY: E:\software\keil5_v5\C51\BIN\C51.EXE WS2812.c OPTIMIZE(8,SPEED) BROWSE DEBUG OBJECTEXTEND PRINT(.\L
                    -istings\WS2812.lst) TABS(2) OBJECT(.\Objects\WS2812.obj)

line level    source

   1          #include "ws2812.h"
   2          
   3          void ws2812_delay100us()       //@24.000MHz
   4          {
   5   1          unsigned char i, j;
   6   1      
   7   1          i = 3;
   8   1          j = 82;
   9   1          do
  10   1          {
  11   2              while (--j);
  12   2          } while (--i);
  13   1      }
  14          
  15          void LightCube_Reset(void)
  16          {
  17   1        DO = 0;
  18   1        ws2812_delay100us();
  19   1        ws2812_delay100us();
  20   1        ws2812_delay100us();
  21   1      }
  22          
  23          void WS2812_bit(bit data_bit)
  24          {
  25   1        if(data_bit)
  26   1        {
  27   2          DO=1;
  28   2          _nop_();_nop_();_nop_();_nop_();_nop_();_nop_();_nop_();_nop_();_nop_();_nop_();_nop_();_nop_();
  29   2          _nop_();_nop_();_nop_();_nop_();_nop_();
  30   2          DO=0; 
  31   2        }
  32   1        else
  33   1        {
  34   2          DO=1;
  35   2          _nop_();_nop_();_nop_();_nop_();
  36   2          DO=0;
  37   2          _nop_();_nop_();_nop_();_nop_();_nop_();_nop_();_nop_();_nop_();_nop_();_nop_();_nop_();_nop_();
  38   2          _nop_();_nop_();
  39   2        }
  40   1      }
  41          
  42          void WS2812_rand_color(unsigned char R,unsigned char G,unsigned char B)
  43          {
  44   1        WS2812_bit(G&0X80);WS2812_bit(G&0X40);WS2812_bit(G&0X20);WS2812_bit(G&0X10);
  45   1        WS2812_bit(G&0X08);WS2812_bit(G&0X04);WS2812_bit(G&0X02);WS2812_bit(G&0X01);
  46   1        
  47   1        WS2812_bit(R&0X80);WS2812_bit(R&0X40);WS2812_bit(R&0X20);WS2812_bit(R&0X10);
  48   1        WS2812_bit(R&0X08);WS2812_bit(R&0X04);WS2812_bit(R&0X02);WS2812_bit(R&0X01);
  49   1        
  50   1        WS2812_bit(B&0X80);WS2812_bit(B&0X40);WS2812_bit(B&0X20);WS2812_bit(B&0X10);
  51   1        WS2812_bit(B&0X08);WS2812_bit(B&0X04);WS2812_bit(B&0X02);WS2812_bit(B&0X01);
  52   1      }
  53          
  54          void ws2812bWriteAColor(WsColor wsColor)
C51 COMPILER V9.60.7.0   WS2812                                                            04/17/2023 23:05:23 PAGE 2   

  55          {
  56   1        WS2812_rand_color(wsColor.R,wsColor.G,wsColor.B);
  57   1      }
  58          
  59          void ws2812b_INIT(void)
  60          {
  61   1        P1M0 |= 0x00;                                //ÉèÖÃP1.0ÎªADC¿Ú
  62   1        P1M1 |= 0x01;
  63   1        LightCube_Reset();
  64   1      }


MODULE INFORMATION:   STATIC OVERLAYABLE
   CODE SIZE        =    243    ----
   CONSTANT SIZE    =   ----    ----
   XDATA SIZE       =   ----    ----
   PDATA SIZE       =   ----    ----
   DATA SIZE        =   ----       3
   IDATA SIZE       =   ----    ----
   BIT SIZE         =   ----       1
END OF MODULE INFORMATION.


C51 COMPILATION COMPLETE.  0 WARNING(S),  0 ERROR(S)
