C51 COMPILER V9.60.7.0   DC_DC                                                             02/19/2023 00:05:20 PAGE 1   


C51 COMPILER V9.60.7.0, COMPILATION OF MODULE DC_DC
OBJECT MODULE PLACED IN .\Objects\DC_DC.obj
COMPILER INVOKED BY: E:\software\keil5_v5\C51\BIN\C51.EXE DC_DC.c OPTIMIZE(8,SPEED) BROWSE DEBUG OBJECTEXTEND PRINT(.\Li
                    -stings\DC_DC.lst) TABS(2) OBJECT(.\Objects\DC_DC.obj)

line level    source

   1          #include "dc_dc.h"
   2          #include "pwm.h"
   3          
   4          void DC_DC_INIT(void)
   5          {
   6   1        PWM_INIT();
   7   1      }


MODULE INFORMATION:   STATIC OVERLAYABLE
   CODE SIZE        =      3    ----
   CONSTANT SIZE    =   ----    ----
   XDATA SIZE       =   ----    ----
   PDATA SIZE       =   ----    ----
   DATA SIZE        =   ----    ----
   IDATA SIZE       =   ----    ----
   BIT SIZE         =   ----    ----
END OF MODULE INFORMATION.


C51 COMPILATION COMPLETE.  0 WARNING(S),  0 ERROR(S)
