C51 COMPILER V9.60.7.0   MAIN                                                              02/19/2023 01:06:55 PAGE 1   


C51 COMPILER V9.60.7.0, COMPILATION OF MODULE MAIN
OBJECT MODULE PLACED IN .\Objects\main.obj
COMPILER INVOKED BY: E:\software\keil5_v5\C51\BIN\C51.EXE main.c OPTIMIZE(8,SPEED) BROWSE DEBUG OBJECTEXTEND PRINT(.\Lis
                    -tings\main.lst) TABS(2) OBJECT(.\Objects\main.obj)

line level    source

   1          #include "stc8g.h"
   2          #include "dc_dc.h"
   3          #include "pwm.h"
   4          
   5          
   6          void main()
   7          {
   8   1        P0M0 = 0x00;
   9   1        P0M1 = 0x00;
  10   1        P1M0 = 0x00;
  11   1        P1M1 = 0x00;
  12   1        P2M0 = 0x00;
  13   1        P2M1 = 0x00;
  14   1        P3M0 = 0x00;
  15   1        P3M1 = 0x00;
  16   1        P4M0 = 0x00;
  17   1        P4M1 = 0x00;
  18   1        P5M0 = 0x00;
  19   1        P5M1 = 0x00;
  20   1      
  21   1        DC_DC_INIT();
  22   1        
  23   1        PWM_OCC_Load(0);
  24   1        
  25   1        while(1)
  26   1        {
  27   2          
  28   2        }
  29   1      }


MODULE INFORMATION:   STATIC OVERLAYABLE
   CODE SIZE        =     41    ----
   CONSTANT SIZE    =   ----    ----
   XDATA SIZE       =   ----    ----
   PDATA SIZE       =   ----    ----
   DATA SIZE        =   ----    ----
   IDATA SIZE       =   ----    ----
   BIT SIZE         =   ----    ----
END OF MODULE INFORMATION.


C51 COMPILATION COMPLETE.  0 WARNING(S),  0 ERROR(S)
