C51 COMPILER V9.60.7.0   PWM                                                               02/19/2023 01:03:35 PAGE 1   


C51 COMPILER V9.60.7.0, COMPILATION OF MODULE PWM
OBJECT MODULE PLACED IN .\Objects\pwm.obj
COMPILER INVOKED BY: E:\software\keil5_v5\C51\BIN\C51.EXE pwm.c OPTIMIZE(8,SPEED) BROWSE DEBUG OBJECTEXTEND PRINT(.\List
                    -ings\pwm.lst) TABS(2) OBJECT(.\Objects\pwm.obj)

line level    source

   1          #include "pwm.h"
   2          
   3          typedef unsigned char uint8_t;
   4          typedef unsigned int uint16_t;
   5          
   6          void PWM_INIT(void)
   7          {
   8   1        CCON = 0x00;
   9   1        CMOD = 0x08;                                //PCA时钟为系统时钟
  10   1        CL = 0x00;
  11   1        CH = 0x00;
  12   1        
  13   1        //－－10位PWM－－
  14   1        CCAPM1 = 0x42;                              //PCA模块2为PWM工作模式
  15   1        PCA_PWM1 = 0xfc;                            //PCA模块2输出10位PWM
  16   1        CCAP1L = 0xff;                              //PWM占空比为96.875%[(400H-20H)/400H]
  17   1        CCAP1H = 0xff;
  18   1        CR = 1;                                     //启动PCA计时器 
  19   1      
  20   1      }
  21          
  22          void PWM_OCC_Load(float occ)
  23          {
  24   1        uint8_t pwmL,pwmH;
  25   1        uint16_t pwm;
  26   1        
  27   1        CR = 0;
  28   1        
  29   1        CL = 0x00;
  30   1        CH = 0x00;
  31   1        
  32   1        if(occ<0)
  33   1          occ=0;
  34   1        else if(occ>1)
  35   1          occ=1;
  36   1        
  37   1        pwm = 1024-1024*occ;
  38   1        
  39   1        pwmL = pwm;
  40   1        pwmH = pwm>>8;
  41   1        
  42   1        PCA_PWM1=0xc0|(pwmH<<4)|(pwmH<<2);
  43   1        CCAP1L=pwmL;
  44   1        CCAP1H=pwmL;
  45   1        
  46   1        CR = 1;
  47   1        
  48   1      }


MODULE INFORMATION:   STATIC OVERLAYABLE
   CODE SIZE        =    166    ----
   CONSTANT SIZE    =   ----    ----
   XDATA SIZE       =   ----    ----
C51 COMPILER V9.60.7.0   PWM                                                               02/19/2023 01:03:35 PAGE 2   

   PDATA SIZE       =   ----    ----
   DATA SIZE        =   ----       4
   IDATA SIZE       =   ----    ----
   BIT SIZE         =   ----    ----
END OF MODULE INFORMATION.


C51 COMPILATION COMPLETE.  0 WARNING(S),  0 ERROR(S)
