C51 COMPILER V9.60.0.0   DELAY                                                             04/10/2022 21:16:21 PAGE 1   


C51 COMPILER V9.60.0.0, COMPILATION OF MODULE DELAY
OBJECT MODULE PLACED IN .\Objects\delay.obj
COMPILER INVOKED BY: D:\stm32\C51\BIN\C51.EXE delay.c OPTIMIZE(8,SPEED) BROWSE DEBUG OBJECTEXTEND PRINT(.\Listings\delay
                    -.lst) TABS(2) OBJECT(.\Objects\delay.obj)

line level    source

   1          #include "delay.h"
   2          
   3          void delay(unsigned int i)
   4          {
   5   1        while(i--);
   6   1      }
   7          
   8          void delay_ms(unsigned int i)
   9          {
  10   1        while(i--)
  11   1        {
  12   2          delay(100);
  13   2        }
  14   1      }
  15          
  16          void delay_s(unsigned int i)
  17          {
  18   1        while(i--)
  19   1        {
  20   2          delay_ms(1000);
  21   2        }
  22   1      }


MODULE INFORMATION:   STATIC OVERLAYABLE
   CODE SIZE        =     62    ----
   CONSTANT SIZE    =   ----    ----
   XDATA SIZE       =   ----    ----
   PDATA SIZE       =   ----    ----
   DATA SIZE        =   ----    ----
   IDATA SIZE       =   ----    ----
   BIT SIZE         =   ----    ----
END OF MODULE INFORMATION.


C51 COMPILATION COMPLETE.  0 WARNING(S),  0 ERROR(S)
