C51 COMPILER V9.60.0.0   MAIN                                                              10/07/2022 21:05:46 PAGE 1   


C51 COMPILER V9.60.0.0, COMPILATION OF MODULE MAIN
OBJECT MODULE PLACED IN .\Objects\main.obj
COMPILER INVOKED BY: D:\stm32\C51\BIN\C51.EXE main.c OPTIMIZE(8,SPEED) BROWSE DEBUG OBJECTEXTEND PRINT(.\Listings\main.l
                    -st) TABS(2) OBJECT(.\Objects\main.obj)

line level    source

   1          #include "main.h"
   2          #include "string.h"
   3          
   4          void delay(int i);
   5          void delay_ms(int i);
   6          void delay_s(int i);
   7          
   8          void init(void);
   9          void USARTinit(void);
  10          unsigned char usart_WaitRecive(void);
  11          void cleanUsartBuf(void);
  12          
  13          void main()
  14          {
  15   1        init();
  16   1        USARTinit();
  17   1        while(1)
  18   1        {
  19   2          CloseColor();
  20   2          delay_ms(10);
  21   2          if(usart_WaitRecive())
  22   2          {
  23   3            if(usart_buf[1]==0xC3&&usart_buf[2]==0x00)
  24   3            {
  25   4              flag3 = 0;
  26   4              break;
  27   4            }
  28   3            cleanUsartBuf();
  29   3          }
  30   2          flag3--;
  31   2        }
  32   1        
  33   1        while(1)
  34   1        {
  35   2          UserCompare();
  36   2          delay_ms(10);
  37   2          if(usart_WaitRecive())
  38   2          {
  39   3            if(usart_buf[1]==0x0C&&usart_buf[3]!=0x00)
  40   3            {
  41   4              while(1)
  42   4              {
  43   5                Color();
  44   5                delay_ms(10);
  45   5                if(usart_WaitRecive())
  46   5                {
  47   6                  if(usart_buf[1]==0xC3&&usart_buf[2]==0x00)
  48   6                  {
  49   7                    while(1)
  50   7                    {
  51   8                      pwm = 1;
  52   8                      delay(50);
  53   8                      pwm = 0;
  54   8                      delay(1950);
C51 COMPILER V9.60.0.0   MAIN                                                              10/07/2022 21:05:46 PAGE 2   

  55   8                      if(light1==0)
  56   8                      {
  57   9                        delay_s(3);
  58   9                        while(1)
  59   9                        {
  60  10                          pwm = 1;
  61  10                          delay(250);
  62  10                          pwm = 0;
  63  10                          delay(1750);
  64  10                          if(light2==1)
  65  10                            break;
  66  10                        }
  67   9                        break;
  68   9                      }
  69   8                    }
  70   7                    
  71   7                    while(1)
  72   7                    {
  73   8                      CloseColor();
  74   8                      delay_ms(10);
  75   8                      if(usart_WaitRecive())
  76   8                      {
  77   9                        if(usart_buf[1]==0xC3&&usart_buf[2]==0x00)
  78   9                        {
  79  10                          flag3 = 0;
  80  10                          break;
  81  10                        }
  82   9                        cleanUsartBuf();
  83   9                      }
  84   8                      flag3--;
  85   8                    }
  86   7                    
  87   7                    flag2 = 0;
  88   7                    break;
  89   7                  }
  90   6                  cleanUsartBuf();
  91   6                }
  92   5                flag2--;
  93   5              }
  94   4              flag1 = 0;
  95   4            }
  96   3            cleanUsartBuf();
  97   3          }
  98   2          flag1--;
  99   2        } 
 100   1      }
 101          
 102          unsigned char usart_WaitRecive()
 103          {
 104   1          if(usart_cnt == 0)
 105   1            return 0;
 106   1          
 107   1          if(usart_cnt == usart_cntPre)
 108   1          {
 109   2            usart_cnt = 0;
 110   2            return 1; 
 111   2          }
 112   1          
 113   1          usart_cntPre = usart_cnt;
 114   1          
 115   1          return 0;
 116   1      }
C51 COMPILER V9.60.0.0   MAIN                                                              10/07/2022 21:05:46 PAGE 3   

 117          
 118          void cleanUsartBuf()
 119          {
 120   1        memset(usart_buf,0,sizeof(usart_buf));
 121   1        usart_cnt = 0;
 122   1      }
 123          
 124          void Usart() interrupt 4
 125          {
 126   1        if(RI==1)
 127   1        {
 128   2          if(usart_cnt>=sizeof(usart_buf))
 129   2            usart_cnt = 0;
 130   2          usart_buf[usart_cnt++] = SBUF;
 131   2          RI = 0;
 132   2        }
 133   1      }
 134          
 135          void USARTinit()
 136          {
 137   1        TMOD=0x20;
 138   1        TH1=0xFA;
 139   1        TL1=0xFA;
 140   1        TR1=1;
 141   1        PCON|=0x80;
 142   1        SCON|=0x50;
 143   1        ES=1;
 144   1        EA=1;
 145   1      
 146   1      }
 147          
 148          void delay(int i)
 149          {
 150   1        while(i--);
 151   1      }
 152          
 153          void delay_ms(int i)
 154          {
 155   1        while(i--)
 156   1        {
 157   2          delay(100);
 158   2        }
 159   1      }
 160          
 161          void delay_s(int i)
 162          {
 163   1        while(i--)
 164   1        {
 165   2          delay_ms(1000);
 166   2        }
 167   1      }
 168          
 169          
 170          void init()
 171          {
 172   1        pwm = 0;
 173   1        light1 = 1;
 174   1        light2 = 1;
 175   1      }


MODULE INFORMATION:   STATIC OVERLAYABLE
C51 COMPILER V9.60.0.0   MAIN                                                              10/07/2022 21:05:46 PAGE 4   

   CODE SIZE        =    433    ----
   CONSTANT SIZE    =   ----    ----
   XDATA SIZE       =   ----    ----
   PDATA SIZE       =   ----    ----
   DATA SIZE        =     20    ----
   IDATA SIZE       =   ----    ----
   BIT SIZE         =   ----    ----
END OF MODULE INFORMATION.


C51 COMPILATION COMPLETE.  0 WARNING(S),  0 ERROR(S)
